SF:src/LatticeSurgeryCCZStateExample.jl
DA:37,2412
DA:45,7
DA:46,7
DA:49,3313768
DA:50,3313768
DA:51,9941302
DA:55,0
DA:56,0
DA:57,0
DA:58,0
DA:59,0
DA:60,0
DA:61,0
DA:62,0
DA:63,0
DA:65,0
DA:68,0
DA:69,0
DA:70,0
DA:71,0
DA:72,0
DA:75,0
DA:76,0
DA:82,7937
DA:83,33
DA:84,0
DA:85,0
DA:91,34868
DA:96,44
DA:97,44
DA:107,19937
DA:111,1433
DA:112,180200
DA:113,23
DA:114,1
DA:115,75696
DA:116,75695
DA:117,72
DA:118,72
DA:122,52426
DA:130,52919
DA:131,8
DA:132,17563
DA:134,34623
DA:135,34623
DA:140,16269507
DA:144,17744
DA:145,17744
DA:146,35488
DA:148,17744
DA:150,18
DA:151,18
DA:161,17744
DA:162,17744
DA:164,17744
DA:165,32361436
DA:166,6590348
DA:168,32379180
DA:170,17744
DA:174,89715
DA:177,528
DA:178,528
DA:181,3647093
DA:182,7294186
DA:183,3647093
DA:185,3647093
DA:186,3647093
DA:188,1935
DA:191,99123
DA:193,510
DA:194,510
DA:197,3121916
DA:198,6243832
DA:200,3121916
DA:202,3121916
DA:204,2095
DA:206,21720
DA:209,749
DA:211,711503
DA:212,711503
DA:214,711503
DA:225,6773039
DA:226,6773039
DA:227,6773039
DA:228,6773039
DA:230,6773039
DA:231,13546078
DA:233,3034964
DA:234,6192608
DA:235,6192608
DA:236,3034964
DA:238,6192608
DA:240,3738075
DA:241,7033228
DA:242,7033228
DA:243,3738075
DA:245,3295153
DA:248,6773039
DA:257,17561
DA:258,17561
DA:259,17561
DA:260,17561
DA:261,35120
DA:264,17561
DA:278,58153
DA:279,58153
DA:281,75260
DA:282,1656882
DA:283,1656882
DA:284,3185
DA:286,1697928
DA:288,58153
DA:291,58134
DA:292,58135
DA:293,16169129
DA:294,16227262
DA:296,58134
DA:299,58134
DA:300,58134
DA:301,0
DA:302,0
DA:303,0
DA:305,58134
DA:309,0
DA:310,0
DA:311,0
DA:314,9400131
DA:315,9400131
DA:318,9400127
DA:319,9400127
DA:320,9400127
DA:330,17512
DA:331,35024
DA:333,17512
DA:334,58133
DA:335,75645
DA:337,17512
DA:346,228131
DA:354,1880
DA:362,21718
DA:364,262606
DA:365,292668
DA:367,22357
DA:368,19528
DA:369,5406
DA:382,2
DA:383,2
DA:384,2
DA:385,2
DA:386,2
DA:387,2
DA:388,4
DA:390,2022
DA:391,2020
DA:394,2022
DA:395,2020
DA:398,2022
DA:399,2020
DA:402,2
DA:412,1
DA:413,1
DA:414,1
DA:415,1
DA:416,1
DA:417,1
DA:418,2
DA:420,2017
DA:421,2016
DA:424,2017
DA:425,2016
DA:428,2017
DA:429,2016
DA:432,1
DA:442,1
DA:443,1
DA:445,1
DA:452,3
DA:456,1
DA:458,2
DA:460,274
DA:461,273
DA:464,274
DA:465,273
DA:468,274
DA:469,273
DA:472,1
DA:488,0
DA:489,0
DA:491,0
DA:492,0
DA:493,0
DA:494,0
DA:495,0
DA:496,0
DA:497,0
DA:499,0
DA:501,0
DA:508,0
DA:515,0
DA:531,0
DA:533,0
DA:534,0
DA:536,0
DA:544,0
DA:549,0
DA:554,0
DA:556,0
DA:557,0
DA:560,0
DA:561,0
DA:564,0
DA:565,0
DA:568,0
DA:571,0
DA:575,235
DA:577,1410
DA:586,235
DA:588,235
DA:590,235
DA:592,235
DA:594,235
DA:596,235
DA:598,235
DA:602,12213797
DA:603,12213797
DA:606,21253
DA:607,21253
DA:608,21253
DA:613,10817
DA:614,10817
DA:618,477
DA:621,477
DA:622,477
DA:627,7553
DA:628,7553
DA:629,7553
DA:634,3995
DA:635,3995
DA:639,473
DA:640,473
DA:641,473
DA:646,235
DA:647,235
DA:650,473
DA:651,473
DA:652,473
DA:657,0
DA:658,0
DA:661,473
DA:662,473
DA:663,473
DA:668,235
DA:669,235
DA:672,14173
DA:673,14173
DA:674,14173
DA:678,4941
DA:679,4941
DA:682,6137
DA:683,6137
DA:685,6137
DA:690,3290
DA:691,3290
DA:695,473
DA:696,473
DA:698,473
DA:703,0
DA:704,0
DA:708,4249
DA:709,4249
DA:711,4249
DA:716,2115
DA:717,2115
DA:721,3777
DA:722,3777
DA:723,3777
DA:727,1175
DA:728,1175
DA:731,2361
DA:732,2361
DA:733,2361
DA:737,470
DA:738,470
DA:741,14173
DA:742,14173
DA:743,14173
DA:747,7056
DA:748,7056
DA:751,477
DA:752,477
DA:753,477
DA:757,236
DA:758,236
DA:761,477
DA:762,477
DA:763,477
DA:767,236
DA:768,236
DA:771,1423
DA:772,1423
DA:773,1423
DA:777,708
DA:778,708
DA:781,473
DA:782,473
DA:783,473
DA:787,235
DA:788,235
DA:791,473
DA:792,473
DA:793,473
DA:797,235
DA:798,235
DA:801,945
DA:802,945
DA:803,945
DA:807,470
DA:808,470
DA:811,944
DA:812,4720
DA:813,4720
DA:815,1180
DA:816,1180
DA:818,1180
DA:819,1180
DA:821,1180
DA:822,1180
DA:824,11564
DA:825,11564
DA:827,1180
DA:828,1180
DA:830,3068
DA:831,3068
DA:833,4012
DA:834,4012
DA:836,1180
DA:837,1180
DA:839,8024
DA:840,8024
DA:842,1180
DA:843,1180
DA:845,1180
DA:846,1180
DA:848,1416
DA:849,1416
DA:851,8024
DA:852,8024
DA:854,1652
DA:855,1652
DA:857,1180
DA:858,1180
DA:860,2832
DA:861,2832
DA:863,1180
DA:864,1180
DA:866,2124
DA:867,2124
DA:869,944
DA:890,944
DA:893,235
DA:894,235
DA:895,17155
DA:898,235
DA:899,235
DA:900,17155
DA:903,471
DA:904,2355
DA:905,1413
DA:906,471
DA:907,471
DA:909,2355
DA:910,2355
DA:911,1884
DA:912,1413
DA:913,471
DA:914,471
DA:916,2355
DA:918,471
DA:931,236
DA:932,236
DA:934,236
DA:936,236
DA:938,236
DA:945,236
DA:953,236
DA:955,236
DA:957,236
DA:964,236
DA:972,236
DA:974,236
DA:978,235
DA:979,235
DA:981,235
DA:982,235
DA:983,235
DA:984,235
DA:985,235
DA:986,235
DA:987,235
DA:988,235
DA:989,235
DA:990,235
DA:991,235
DA:993,235
DA:997,471
DA:998,3768
DA:1001,1884
DA:1003,1884
DA:1004,1884
DA:1006,3768
DA:1008,471
DA:1009,1413
DA:1011,3768
DA:1013,471
DA:1015,471
DA:1028,236
DA:1029,236
DA:1030,236
DA:1031,236
DA:1033,236
DA:1038,236
DA:1043,236
DA:1049,236
DA:1054,236
DA:1059,236
DA:1064,236
DA:1070,236
DA:1075,236
DA:1079,235
DA:1080,235
DA:1082,235
DA:1083,235
DA:1084,235
DA:1085,235
DA:1086,235
DA:1087,235
DA:1088,235
DA:1090,235
DA:1091,235
DA:1093,235
DA:1096,471
DA:1097,4239
DA:1099,1884
DA:1100,471
DA:1102,1413
DA:1103,942
DA:1105,4239
DA:1107,471
DA:1108,1884
DA:1110,4239
DA:1112,942
DA:1113,942
DA:1114,471
DA:1116,471
DA:1132,236
DA:1133,236
DA:1134,236
DA:1135,236
DA:1137,236
DA:1143,236
DA:1148,236
DA:1154,236
DA:1160,236
DA:1166,236
DA:1171,236
DA:1177,236
DA:1183,236
DA:1187,235
DA:1188,235
DA:1190,235
DA:1191,235
DA:1192,235
DA:1194,235
DA:1195,235
DA:1197,235
DA:1198,235
DA:1199,235
DA:1201,235
DA:1202,235
DA:1203,235
DA:1205,235
DA:1209,471
DA:1210,3768
DA:1212,2355
DA:1213,471
DA:1215,471
DA:1216,3768
DA:1218,471
DA:1219,1884
DA:1221,3768
DA:1223,471
DA:1224,471
DA:1225,1413
DA:1226,1413
DA:1228,942
DA:1229,942
DA:1231,471
DA:1249,236
DA:1250,236
DA:1251,236
DA:1252,236
DA:1254,236
DA:1260,236
DA:1267,236
DA:1275,236
DA:1280,236
DA:1286,236
DA:1293,236
DA:1301,236
DA:1306,236
DA:1310,235
DA:1311,235
DA:1313,235
DA:1314,235
DA:1315,235
DA:1317,235
DA:1318,235
DA:1319,235
DA:1320,235
DA:1322,235
DA:1323,235
DA:1324,235
DA:1326,235
DA:1327,235
DA:1329,235
DA:1333,235
DA:1334,1880
DA:1337,2115
DA:1339,11280
DA:1340,9400
DA:1341,9400
DA:1344,1880
DA:1351,235
DA:1379,18875
DA:1380,18875
DA:1382,1812000
DA:1383,1377890
DA:1386,94375
DA:1395,37750
DA:1405,113250
DA:1415,132125
DA:1425,18875
DA:1430,151000
DA:1432,151000
DA:1433,56625
DA:1434,471875
DA:1435,37750
DA:1436,604000
DA:1437,151000
DA:1438,151000
DA:1439,283125
DA:1441,18875
DA:1457,18819
DA:1458,18819
DA:1460,15695046
DA:1462,809217
DA:1464,602208
DA:1465,3782619
DA:1469,338742
DA:1476,1957176
DA:1480,75276
DA:1482,18819
DA:1483,94095
DA:1498,75276
DA:1505,18819
DA:1506,37638
DA:1523,37638
DA:1537,18819
DA:1538,56457
DA:1556,56457
DA:1569,18819
DA:1570,37638
DA:1588,319923
DA:1589,150552
DA:1595,18819
DA:1599,18819
DA:1602,23673
DA:1605,18819
DA:1608,5438691
DA:1610,46089
DA:1613,18819
DA:1616,58203
DA:1618,19166
DA:1619,57498
DA:1620,134162
DA:1621,134162
DA:1622,76664
DA:1623,76664
DA:1625,57498
DA:1628,57498
DA:1631,19166
DA:1641,235
DA:1642,1645
DA:1643,940
DA:1645,705
DA:1647,940
DA:1650,470
DA:1654,470
DA:1657,470
DA:1660,235
DA:1663,18875
DA:1664,18875
DA:1668,188750
DA:1673,188750
DA:1678,37750
DA:1680,37750
DA:1681,188750
DA:1682,9589
DA:1684,358625
DA:1691,18875
DA:1699,4
DA:1700,4
DA:1703,34446
DA:1710,2
DA:1711,130
DA:1714,4565
DA:1715,4565
DA:1720,549186
DA:1721,549186
DA:1722,549186
DA:1725,2161
DA:1726,2161
DA:1727,2161
DA:1728,6467
DA:1730,2161
DA:1731,2161
DA:1734,5
DA:1735,258
DA:1736,1017
DA:1737,5
DA:1740,6
DA:1741,6
DA:1744,16
DA:1745,16
DA:1746,16
DA:1748,3800
DA:1750,16
DA:1756,1624
DA:1757,1624
DA:1758,1624
DA:1759,728
DA:1760,896
DA:1761,896
DA:1763,0
DA:1766,1624
DA:1769,772
DA:1770,772
DA:1771,772
DA:1774,852
DA:1775,852
DA:1776,852
DA:1779,2160
DA:1780,2160
DA:1781,34368
DA:1785,5132
DA:1786,5132
DA:1787,5132
DA:1791,5132
DA:1792,24359
DA:1793,1440
DA:1795,26611
DA:1797,3692
DA:1798,16389
DA:1799,871
DA:1801,18339
DA:1803,2821
DA:1806,22897
DA:1807,22897
DA:1808,22897
DA:1809,22897
DA:1817,17325
DA:1818,17325
DA:1819,17325
DA:1826,0
DA:1827,0
DA:1828,0
DA:1829,0
DA:1830,0
DA:1831,0
DA:1833,0
DA:1834,0
DA:1840,3
DA:1841,3
DA:1842,3
DA:1843,17325
DA:1844,1
DA:1846,17324
DA:1847,2
DA:1850,5573
DA:1851,11146
DA:1853,5573
DA:1854,5573
DA:1855,11146
DA:1856,581316
DA:1857,1162632
DA:1859,5573
DA:1871,0
DA:1872,0
DA:1873,0
DA:1875,0
DA:1876,0
DA:1886,0
DA:1887,0
DA:1888,0
DA:1890,0
DA:1892,0
DA:1899,2
DA:1900,2
DA:1902,2
DA:1903,2
DA:1904,4032
DA:1905,864
DA:1907,0
DA:1909,2
LH:637
LF:714
end_of_record
SF:src/qubit_layout.jl
LH:0
LF:0
end_of_record
